Starting 10 automated bot runs using bot_brain.js...
[Run 1/10] Playing as BARBARIAN...
   -> Ended with status: DEAD | Floor: 5 | Turns: 2964 | Errors: 0
[Run 2/10] Playing as BARBARIAN...
   -> Ended with status: DEAD | Floor: 5 | Turns: 2612 | Errors: 0
[Run 3/10] Playing as BARBARIAN...
   -> Ended with status: WON | Floor: 6 | Turns: 2208 | Errors: 0
[Run 4/10] Playing as BARBARIAN...
   -> Ended with status: WON | Floor: 6 | Turns: 2702 | Errors: 0
[Run 5/10] Playing as BARBARIAN...
   -> Ended with status: WON | Floor: 6 | Turns: 2502 | Errors: 0
[Run 6/10] Playing as BARBARIAN...
   -> Ended with status: WON | Floor: 6 | Turns: 3179 | Errors: 0
[Run 7/10] Playing as BARBARIAN...
   -> Ended with status: WON | Floor: 6 | Turns: 2849 | Errors: 0
[Run 8/10] Playing as BARBARIAN...
   -> Ended with status: WON | Floor: 6 | Turns: 2341 | Errors: 0
[Run 9/10] Playing as BARBARIAN...
   -> Ended with status: DEAD | Floor: 5 | Turns: 2580 | Errors: 0
[Run 10/10] Playing as BARBARIAN...
   -> Ended with status: WON | Floor: 6 | Turns: 2371 | Errors: 0

✅ Completed all runs. Set KEEP_TEST_ARTIFACTS=1 to write bot_findings.json.
Summary: {"totalRuns":10,"totalTurnsPlayed":26308,"floors":{"max":6,"min":5,"avg":"5.7"},"turns":{"avg":"2630.8"},"outcomes":{"dead":3,"won":7},"byClass":{"barbarian":{"runs":10,"maxFloor":6,"outcomes":{"dead":3,"won":7},"avgFloor":5.7}},"bugCount":0,"bugs":[]}
