Starting 10 automated bot runs using bot_brain.js...
[Run 1/10] Playing as MAGE...
   -> Ended with status: MAX_TURNS | Floor: 5 | Turns: 5000 | Errors: 0
[Run 2/10] Playing as MAGE...
   -> Ended with status: WON | Floor: 6 | Turns: 4186 | Errors: 0
[Run 3/10] Playing as MAGE...
   -> Ended with status: WON | Floor: 6 | Turns: 2791 | Errors: 0
[Run 4/10] Playing as MAGE...
   -> Ended with status: WON | Floor: 6 | Turns: 3779 | Errors: 0
[Run 5/10] Playing as MAGE...
   -> Ended with status: WON | Floor: 6 | Turns: 3742 | Errors: 0
[Run 6/10] Playing as MAGE...
   -> Ended with status: MAX_TURNS | Floor: 5 | Turns: 5000 | Errors: 0
[Run 7/10] Playing as MAGE...
   -> Ended with status: DEAD | Floor: 5 | Turns: 3362 | Errors: 0
[Run 8/10] Playing as MAGE...
   -> Ended with status: WON | Floor: 6 | Turns: 4658 | Errors: 0
[Run 9/10] Playing as MAGE...
   -> Ended with status: MAX_TURNS | Floor: 5 | Turns: 5000 | Errors: 0
[Run 10/10] Playing as MAGE...
   -> Ended with status: DEAD | Floor: 5 | Turns: 3840 | Errors: 0

✅ Completed all runs. Set KEEP_TEST_ARTIFACTS=1 to write bot_findings.json.
Summary: {"totalRuns":10,"totalTurnsPlayed":41358,"floors":{"max":6,"min":5,"avg":"5.5"},"turns":{"avg":"4135.8"},"outcomes":{"max_turns":3,"won":5,"dead":2},"byClass":{"mage":{"runs":10,"maxFloor":6,"outcomes":{"max_turns":3,"won":5,"dead":2},"avgFloor":5.5}},"bugCount":0,"bugs":[]}
