Starting 10 automated bot runs using bot_brain.js...
[Run 1/10] Playing as MONK...
   -> Ended with status: WON | Floor: 6 | Turns: 3421 | Errors: 0
[Run 2/10] Playing as MONK...
   -> Ended with status: WON | Floor: 6 | Turns: 3826 | Errors: 0
[Run 3/10] Playing as MONK...
   -> Ended with status: WON | Floor: 6 | Turns: 3867 | Errors: 0
[Run 4/10] Playing as MONK...
   -> Ended with status: DEAD | Floor: 5 | Turns: 2988 | Errors: 0
[Run 5/10] Playing as MONK...
   -> Ended with status: WON | Floor: 6 | Turns: 4880 | Errors: 0
[Run 6/10] Playing as MONK...
   -> Ended with status: WON | Floor: 6 | Turns: 4035 | Errors: 0
[Run 7/10] Playing as MONK...
   -> Ended with status: WON | Floor: 6 | Turns: 3634 | Errors: 0
[Run 8/10] Playing as MONK...
   -> Ended with status: WON | Floor: 6 | Turns: 4280 | Errors: 0
[Run 9/10] Playing as MONK...
   -> Ended with status: WON | Floor: 6 | Turns: 4516 | Errors: 0
[Run 10/10] Playing as MONK...
   -> Ended with status: WON | Floor: 6 | Turns: 4330 | Errors: 0

✅ Completed all runs. Set KEEP_TEST_ARTIFACTS=1 to write bot_findings.json.
Summary: {"totalRuns":10,"totalTurnsPlayed":39777,"floors":{"max":6,"min":5,"avg":"5.9"},"turns":{"avg":"3977.7"},"outcomes":{"won":9,"dead":1},"byClass":{"monk":{"runs":10,"maxFloor":6,"outcomes":{"won":9,"dead":1},"avgFloor":5.9}},"bugCount":0,"bugs":[]}
