Starting 10 automated bot runs using bot_brain.js...
[Run 1/10] Playing as NECROMANCER...
   -> Ended with status: WON | Floor: 6 | Turns: 2587 | Errors: 0
[Run 2/10] Playing as NECROMANCER...
   -> Ended with status: WON | Floor: 6 | Turns: 2796 | Errors: 0
[Run 3/10] Playing as NECROMANCER...
   -> Ended with status: WON | Floor: 6 | Turns: 3425 | Errors: 0
[Run 4/10] Playing as NECROMANCER...
   -> Ended with status: WON | Floor: 6 | Turns: 3083 | Errors: 0
[Run 5/10] Playing as NECROMANCER...
   -> Ended with status: WON | Floor: 6 | Turns: 3343 | Errors: 0
[Run 6/10] Playing as NECROMANCER...
   -> Ended with status: WON | Floor: 6 | Turns: 3223 | Errors: 0
[Run 7/10] Playing as NECROMANCER...
   -> Ended with status: WON | Floor: 6 | Turns: 3801 | Errors: 0
[Run 8/10] Playing as NECROMANCER...
   -> Ended with status: WON | Floor: 6 | Turns: 2826 | Errors: 0
[Run 9/10] Playing as NECROMANCER...
   -> Ended with status: DEAD | Floor: 5 | Turns: 2791 | Errors: 0
[Run 10/10] Playing as NECROMANCER...
   -> Ended with status: WON | Floor: 6 | Turns: 3379 | Errors: 0

✅ Completed all runs. Set KEEP_TEST_ARTIFACTS=1 to write bot_findings.json.
Summary: {"totalRuns":10,"totalTurnsPlayed":31254,"floors":{"max":6,"min":5,"avg":"5.9"},"turns":{"avg":"3125.4"},"outcomes":{"won":9,"dead":1},"byClass":{"necromancer":{"runs":10,"maxFloor":6,"outcomes":{"won":9,"dead":1},"avgFloor":5.9}},"bugCount":0,"bugs":[]}
