Starting 10 automated bot runs using bot_brain.js...
[Run 1/10] Playing as PALADIN...
   -> Ended with status: WON | Floor: 6 | Turns: 2941 | Errors: 0
[Run 2/10] Playing as PALADIN...
   -> Ended with status: DEAD | Floor: 1 | Turns: 37 | Errors: 0
[Run 3/10] Playing as PALADIN...
   -> Ended with status: WON | Floor: 6 | Turns: 2938 | Errors: 0
[Run 4/10] Playing as PALADIN...
   -> Ended with status: WON | Floor: 6 | Turns: 3680 | Errors: 0
[Run 5/10] Playing as PALADIN...
   -> Ended with status: WON | Floor: 6 | Turns: 3887 | Errors: 0
[Run 6/10] Playing as PALADIN...
   -> Ended with status: WON | Floor: 6 | Turns: 3650 | Errors: 0
[Run 7/10] Playing as PALADIN...
   -> Ended with status: WON | Floor: 6 | Turns: 2631 | Errors: 0
[Run 8/10] Playing as PALADIN...
   -> Ended with status: WON | Floor: 6 | Turns: 2943 | Errors: 0
[Run 9/10] Playing as PALADIN...
   -> Ended with status: WON | Floor: 6 | Turns: 3288 | Errors: 0
[Run 10/10] Playing as PALADIN...
   -> Ended with status: WON | Floor: 6 | Turns: 3428 | Errors: 0

✅ Completed all runs. Set KEEP_TEST_ARTIFACTS=1 to write bot_findings.json.
Summary: {"totalRuns":10,"totalTurnsPlayed":29423,"floors":{"max":6,"min":1,"avg":"5.5"},"turns":{"avg":"2942.3"},"outcomes":{"won":9,"dead":1},"byClass":{"paladin":{"runs":10,"maxFloor":6,"outcomes":{"won":9,"dead":1},"avgFloor":5.5}},"bugCount":0,"bugs":[]}
