Starting 10 automated bot runs using bot_brain.js...
[Run 1/10] Playing as RANGER...
   -> Ended with status: WON | Floor: 6 | Turns: 1874 | Errors: 0
[Run 2/10] Playing as RANGER...
   -> Ended with status: WON | Floor: 6 | Turns: 2128 | Errors: 0
[Run 3/10] Playing as RANGER...
   -> Ended with status: WON | Floor: 6 | Turns: 2262 | Errors: 0
[Run 4/10] Playing as RANGER...
   -> Ended with status: WON | Floor: 6 | Turns: 2003 | Errors: 0
[Run 5/10] Playing as RANGER...
   -> Ended with status: WON | Floor: 6 | Turns: 2700 | Errors: 0
[Run 6/10] Playing as RANGER...
   -> Ended with status: WON | Floor: 6 | Turns: 2483 | Errors: 0
[Run 7/10] Playing as RANGER...
   -> Ended with status: WON | Floor: 6 | Turns: 2700 | Errors: 0
[Run 8/10] Playing as RANGER...
   -> Ended with status: WON | Floor: 6 | Turns: 2341 | Errors: 0
[Run 9/10] Playing as RANGER...
   -> Ended with status: WON | Floor: 6 | Turns: 2406 | Errors: 0
[Run 10/10] Playing as RANGER...
   -> Ended with status: WON | Floor: 6 | Turns: 3260 | Errors: 0

✅ Completed all runs. Set KEEP_TEST_ARTIFACTS=1 to write bot_findings.json.
Summary: {"totalRuns":10,"totalTurnsPlayed":24157,"floors":{"max":6,"min":6,"avg":"6.0"},"turns":{"avg":"2415.7"},"outcomes":{"won":10},"byClass":{"ranger":{"runs":10,"maxFloor":6,"outcomes":{"won":10},"avgFloor":6}},"bugCount":0,"bugs":[]}
