Starting 10 automated bot runs using bot_brain.js...
[Run 1/10] Playing as ROGUE...
   -> Ended with status: DEAD | Floor: 2 | Turns: 84 | Errors: 0
[Run 2/10] Playing as ROGUE...
   -> Ended with status: WON | Floor: 6 | Turns: 4931 | Errors: 0
[Run 3/10] Playing as ROGUE...
   -> Ended with status: DEAD | Floor: 5 | Turns: 4302 | Errors: 0
[Run 4/10] Playing as ROGUE...
   -> Ended with status: MAX_TURNS | Floor: 4 | Turns: 5000 | Errors: 0
[Run 5/10] Playing as ROGUE...
   -> Ended with status: WON | Floor: 6 | Turns: 2781 | Errors: 0
[Run 6/10] Playing as ROGUE...
   -> Ended with status: WON | Floor: 6 | Turns: 4759 | Errors: 0
[Run 7/10] Playing as ROGUE...
   -> Ended with status: MAX_TURNS | Floor: 5 | Turns: 5000 | Errors: 0
[Run 8/10] Playing as ROGUE...
   -> Ended with status: WON | Floor: 6 | Turns: 3993 | Errors: 0
[Run 9/10] Playing as ROGUE...
   -> Ended with status: MAX_TURNS | Floor: 4 | Turns: 5000 | Errors: 0
[Run 10/10] Playing as ROGUE...
   -> Ended with status: WON | Floor: 6 | Turns: 4442 | Errors: 0

✅ Completed all runs. Set KEEP_TEST_ARTIFACTS=1 to write bot_findings.json.
Summary: {"totalRuns":10,"totalTurnsPlayed":40292,"floors":{"max":6,"min":2,"avg":"5.0"},"turns":{"avg":"4029.2"},"outcomes":{"dead":2,"won":5,"max_turns":3},"byClass":{"rogue":{"runs":10,"maxFloor":6,"outcomes":{"dead":2,"won":5,"max_turns":3},"avgFloor":5}},"bugCount":0,"bugs":[]}
