Starting 10 automated bot runs using bot_brain.js...
[Run 1/10] Playing as WARRIOR...
   -> Ended with status: MAX_TURNS | Floor: 5 | Turns: 5000 | Errors: 0
[Run 2/10] Playing as WARRIOR...
   -> Ended with status: WON | Floor: 6 | Turns: 2097 | Errors: 0
[Run 3/10] Playing as WARRIOR...
   -> Ended with status: WON | Floor: 6 | Turns: 2571 | Errors: 0
[Run 4/10] Playing as WARRIOR...
   -> Ended with status: MAX_TURNS | Floor: 5 | Turns: 5000 | Errors: 0
[Run 5/10] Playing as WARRIOR...
   -> Ended with status: WON | Floor: 6 | Turns: 2754 | Errors: 0
[Run 6/10] Playing as WARRIOR...
   -> Ended with status: WON | Floor: 6 | Turns: 3564 | Errors: 0
[Run 7/10] Playing as WARRIOR...
   -> Ended with status: WON | Floor: 6 | Turns: 3186 | Errors: 0
[Run 8/10] Playing as WARRIOR...
   -> Ended with status: WON | Floor: 6 | Turns: 2395 | Errors: 0
[Run 9/10] Playing as WARRIOR...
   -> Ended with status: WON | Floor: 6 | Turns: 2953 | Errors: 0
[Run 10/10] Playing as WARRIOR...
   -> Ended with status: WON | Floor: 6 | Turns: 2247 | Errors: 0

✅ Completed all runs. Set KEEP_TEST_ARTIFACTS=1 to write bot_findings.json.
Summary: {"totalRuns":10,"totalTurnsPlayed":31767,"floors":{"max":6,"min":5,"avg":"5.8"},"turns":{"avg":"3176.7"},"outcomes":{"max_turns":2,"won":8},"byClass":{"warrior":{"runs":10,"maxFloor":6,"outcomes":{"max_turns":2,"won":8},"avgFloor":5.8}},"bugCount":0,"bugs":[]}
